  Building 'VTStart' with toolset 'WindowsKernelModeDriver10.0' and the 'Desktop' target platform.
  Performing Custom Build Tools
  Microsoft (R) Macro Assembler (x64) Version 14.29.30148.0
  Copyright (C) Microsoft Corporation.  All rights reserved.
  
   Assembling: amd64.asm
  VMEntry.c
F:\KernelDemo\KernelDemo\VTStart\vtstruct.h(17,3): warning C4201: 使用了非标准扩展: 无名称的结构/联合
F:\KernelDemo\KernelDemo\VTStart\vtstruct.h(39,3): warning C4201: 使用了非标准扩展: 无名称的结构/联合
F:\KernelDemo\KernelDemo\VTStart\vtstruct.h(62,3): warning C4201: 使用了非标准扩展: 无名称的结构/联合
F:\KernelDemo\KernelDemo\VTStart\VtFunc.h(32,47): warning C4133: “函数”: 从“int *”到“size_t *”的类型不兼容
F:\KernelDemo\KernelDemo\VTStart\VMEntry.c(21,19): warning C4101: “SegmentSelector”: 未引用的局部变量
F:\KernelDemo\KernelDemo\VTStart\VMEntry.c(178,39): warning C4133: “函数”: 从“PHYSICAL_ADDRESS *”到“unsigned __int64 *”的类型不兼容
F:\KernelDemo\KernelDemo\VTStart\VMEntry.c(181,39): warning C4133: “函数”: 从“PHYSICAL_ADDRESS *”到“unsigned __int64 *”的类型不兼容
F:\KernelDemo\KernelDemo\VTStart\VMEntry.c(182,39): warning C4133: “函数”: 从“PHYSICAL_ADDRESS *”到“unsigned __int64 *”的类型不兼容
F:\KernelDemo\KernelDemo\VTStart\VMEntry.c(186,52): warning C4133: “函数”: 从“int *”到“size_t *”的类型不兼容
F:\KernelDemo\KernelDemo\VTStart\VMEntry.c(193,40): warning C4133: “函数”: 从“PHYSICAL_ADDRESS *”到“unsigned __int64 *”的类型不兼容
F:\KernelDemo\KernelDemo\VTStart\VMEntry.c(203,34): warning C4100: “driver”: 未引用的形参
F:\KernelDemo\KernelDemo\VTStart\VMEntry.c(218,62): warning C4100: “RegistryPath”: 未引用的形参
F:\KernelDemo\KernelDemo\VTStart\VtFunc.h(59): warning C4739: 对变量“cr0”的引用超过其存储空间
F:\KernelDemo\KernelDemo\VTStart\VMEntry.c(141): warning C4702: 无法访问的代码
F:\KernelDemo\KernelDemo\VTStart\VMEntry.c(151): warning C4739: 对变量“Cr0”的引用超过其存储空间
F:\KernelDemo\KernelDemo\VTStart\VMEntry.c(156): warning C4739: 对变量“Cr0”的引用超过其存储空间
F:\KernelDemo\KernelDemo\VTStart\VMEntry.c(157): warning C4739: 对变量“Cr0”的引用超过其存储空间
F:\KernelDemo\KernelDemo\VTStart\VtFunc.h(59): warning C4739: 对变量“cr0”的引用超过其存储空间
  VTStart.vcxproj -> F:\KernelDemo\KernelDemo\x64\Release\VTStart.sys
  Done Adding Additional Store
  Successfully signed: F:\KernelDemo\KernelDemo\x64\Release\VTStart.sys
  
  Inf2Cat task was skipped as there were no inf files to process
  
